<?xml version="1.0" encoding="UTF-8"?>
<testsuite name="com.example.paparazzitest.ContextInspectionTest" tests="1" skipped="0" failures="0" errors="0" timestamp="2026-01-15T12:29:22.010Z" hostname="Zsolt-Marta-LQGF07XT3K" time="2.599">
  <properties/>
  <testcase name="printAllContextInformation" classname="com.example.paparazzitest.ContextInspectionTest" time="2.599"/>
  <system-out><![CDATA[
================================================================================
PAPARAZZI CONTEXT INSPECTION REPORT
================================================================================

### CONTEXT INFORMATION ###
Context class: com.android.layoutlib.bridge.android.BridgeContext
Application context class: com.android.layoutlib.bridge.android.ApplicationContext
Package name: com.example.paparazzitest
Package code path: N/A
Package resource path: N/A
Theme: {InheritanceMap=[], Themes=[]}
Cache dir: N/A
Files dir: N/A
External cache dir: N/A

### RESOURCES INFORMATION ###
Resources class: android.content.res.Resources
Assets: android.content.res.BridgeAssetManager
Locales: en-US

### CONFIGURATION INFORMATION ###
Configuration class: android.content.res.Configuration
Screen layout: 66
Screen width dp: 392
Screen height dp: 850
Smallest screen width dp: 392
Density dpi: 440
Orientation: PORTRAIT
UI mode: 17
Locale: en_US
Font scale: 1.0
Locales: en-US

### DISPLAY METRICS ###
Display metrics class: android.util.DisplayMetrics
Width pixels: 1080
Height pixels: 2340
Density: 2.75
Density dpi: 440
Scaled density: 2.75
Xdpi: 442.0
Ydpi: 444.0

### SYSTEM PROPERTIES ###
java.version = 21.0.8
java.vendor = Microsoft
java.vm.version = 21.0.8+9-LTS
java.vm.vendor = Microsoft
java.vm.name = OpenJDK 64-Bit Server VM
java.runtime.version = 21.0.8+9-LTS
os.name = Mac OS X
os.arch = aarch64
os.version = 26.2
user.name = zsolt
user.home = /Users/zsolt
user.dir = /Users/zsolt/paparazzi-test/app
user.country = US
user.language = en
user.timezone = Europe/Budapest
file.encoding = UTF-8
file.separator = /
path.separator = :
line.separator = 

java.io.tmpdir = /var/folders/4h/11t9npjn3ldbxl1c9g7dzq140000gn/T/
java.class.path = /Users/zsolt/.gradle/caches/8.14.3/workerMain/gradle-worker.jar:/Users/zsolt/paparazzi-test/app/buil...
sun.arch.data.model = 64

### ENVIRONMENT VARIABLES ###
HOME = /Users/zsolt
USER = zsolt
SHELL = /bin/zsh
PATH = /Users/zsolt/.bitrise-xcelerate/bin:/Users/zsolt/.istioctl/bin:/Users/zsolt/bin:/Users/zsolt/.asdf/s...
LANG = en_US.UTF-8
LC_ALL = N/A
TMPDIR = /var/folders/4h/11t9npjn3ldbxl1c9g7dzq140000gn/T/
JAVA_HOME = /Users/zsolt/Library/Java/JavaVirtualMachines/ms-21.0.8/Contents/Home
ANDROID_HOME = /Users/zsolt/Library/Android/sdk
ANDROID_SDK_ROOT = N/A

All environment variables count: 50

### BUILD INFORMATION ###
Build.VERSION.SDK_INT: 35
Build.VERSION.RELEASE: 14
Build.MANUFACTURER: generic
Build.MODEL: unknown
Build.BRAND: studio
Build.DEVICE: layoutlib
Build.PRODUCT: unknown
Build.HARDWARE: unknown
Build.ID: UDC
Build.TYPE: userdebug
Build.TAGS: test-keys
Build.FINGERPRINT: studio/unknown/layoutlib:14/UDC/12306914:userdebug/test-keys

### FILE SYSTEM INFORMATION ###

Cache dir:
  Path: null
  Exists: false

Files dir:
  Path: null
  Exists: false

Temp dir:
  Path: /var/folders/4h/11t9npjn3ldbxl1c9g7dzq140000gn/T
  Exists: true
  Is directory: true
  Can read: true
  Can write: true
  Total space: 948584 MB
  Free space: 549242 MB

User dir:
  Path: /Users/zsolt/paparazzi-test/app
  Exists: true
  Is directory: true
  Can read: true
  Can write: true
  Total space: 948584 MB
  Free space: 549242 MB

User home:
  Path: /Users/zsolt
  Exists: true
  Is directory: true
  Can read: true
  Can write: true
  Total space: 948584 MB
  Free space: 549242 MB

### PAPARAZZI SPECIFIC INFORMATION ###
Paparazzi class loader: jdk.internal.loader.ClassLoaders$AppClassLoader
Test class loader: jdk.internal.loader.ClassLoaders$AppClassLoader
Current thread: Test worker
Thread group: main
Thread context class loader: jdk.internal.loader.ClassLoaders$AppClassLoader

Paparazzi-related system properties:
  paparazzi.report.dir = /Users/zsolt/paparazzi-test/app/build/reports/paparazzi/debug
  paparazzi.artifacts.cache.dir = /Users/zsolt/.gradle
  paparazzi.test.record = false
  paparazzi.layoutlib.resources.root = /Users/zsolt/.gradle/caches/8.14.3/transforms/308cbffca69a157425cb96d5ceeb762b/transformed/layoutlib...
  paparazzi.layoutlib.runtime.root = /Users/zsolt/.gradle/caches/8.14.3/transforms/9dc3cf6a65d2b414df508eab38c630d6/transformed/layoutlib...
  paparazzi.project.dir = /Users/zsolt/paparazzi-test/app
  paparazzi.test.resources = /Users/zsolt/paparazzi-test/app/build/intermediates/paparazzi/debug/resources.json
  paparazzi.test.verify = false
  paparazzi.build.dir = /Users/zsolt/paparazzi-test/app/build
  paparazzi.snapshot.dir = /Users/zsolt/paparazzi-test/app/src/test/snapshots
================================================================================
END OF REPORT
================================================================================

]]></system-out>
  <system-err><![CDATA[WARNING: A Java agent has been loaded dynamically (/Users/zsolt/.gradle/caches/8.14.3/transforms/a8e334afb665155f8728d59edcc53457/transformed/byte-buddy-agent-1.15.10.jar)
WARNING: If a serviceability tool is in use, please run with -XX:+EnableDynamicAgentLoading to hide this warning
WARNING: If a serviceability tool is not in use, please run with -Djdk.instrument.traceUsage for more information
WARNING: Dynamic loading of agents will be disallowed by default in a future release
]]></system-err>
</testsuite>
